actionid: py27
msg: envreport
cmdargs: '/Users/eric/pl/planet-client-python/.tox/py27/bin/python -m pip freeze'

alabaster==0.7.12
atomicwrites==1.2.1
attrs==18.2.0
Babel==2.6.0
certifi==2018.8.24
chardet==3.0.4
Click==7.0
configparser==3.5.0
coverage==4.5.1
docutils==0.14
enum34==1.1.6
flake8==3.5.0
funcsigs==1.0.2
futures==3.2.0
idna==2.7
imagesize==1.1.0
Jinja2==2.10
MarkupSafe==1.0
mccabe==0.6.1
mock==2.0.0
more-itertools==4.3.0
packaging==18.0
pathlib2==2.3.2
pbr==4.3.0
pex==1.5.0
planet==1.1.0
pluggy==0.7.1
py==1.6.0
pycodestyle==2.3.1
pyflakes==1.6.0
Pygments==2.2.0
pyparsing==2.2.2
pytest==3.8.2
pytest-cov==2.6.0
pytz==2018.5
requests==2.19.1
requests-futures==0.9.7
requests-mock==1.5.2
scandir==1.9.0
six==1.11.0
snowballstemmer==1.2.1
Sphinx==1.8.1
sphinxcontrib-websupport==1.1.0
typing==3.6.6
urllib3==1.23
